<?xml version="1.0" encoding="UTF-8"?>
<!-- Generated by org.testng.reporters.JUnitReportReporter -->
<testsuite hostname="DESKTOP-IPRTR4S" failures="0" tests="2" name="Abhibus.Abhibus" time="57.401" errors="0" timestamp="2022-10-11T17:57:46 IST" skipped="0">
  <testcase classname="Abhibus.Abhibus" name="user" time="43.205"/>
  <system-out/>
  <testcase classname="Abhibus.Abhibus" name="login" time="14.196"/>
  <system-out/>
</testsuite> <!-- Abhibus.Abhibus -->
