<?xml version="1.0" encoding="UTF-8"?>
<!-- Generated by org.testng.reporters.JUnitReportReporter -->
<testsuite hostname="DESKTOP-IPRTR4S" failures="0" tests="1" name="Abhibus.Abhibus" time="54.693" errors="0" timestamp="2022-10-10T15:41:19 IST" skipped="0">
  <testcase classname="Abhibus.Abhibus" name="loginpage" time="54.693"/>
  <system-out/>
</testsuite> <!-- Abhibus.Abhibus -->
