<?xml version="1.0" encoding="UTF-8"?>
<!-- Generated by org.testng.reporters.JUnitReportReporter -->
<testsuite hostname="DESKTOP-IPRTR4S" failures="0" tests="1" name="Abhibus.Abhibus" time="39.430" errors="0" timestamp="2022-10-10T16:24:56 IST" skipped="0">
  <testcase classname="Abhibus.Abhibus" name="loginpage" time="39.430"/>
  <system-out/>
</testsuite> <!-- Abhibus.Abhibus -->
