<?xml version="1.0" encoding="UTF-8"?>
<!-- Generated by org.testng.reporters.JUnitReportReporter -->
<testsuite hostname="DESKTOP-IPRTR4S" failures="0" tests="1" name="Abhibus.demo" time="24.398" errors="0" timestamp="2022-10-07T14:00:50 IST" skipped="0">
  <testcase classname="Abhibus.demo" name="abhibusbooking" time="24.398"/>
  <system-out/>
</testsuite> <!-- Abhibus.demo -->
