<?xml version="1.0" encoding="UTF-8"?>
<!-- Generated by org.testng.reporters.JUnitReportReporter -->
<testsuite hostname="DESKTOP-IPRTR4S" failures="0" tests="1" name="Abhibus.Abhibus" time="10.891" errors="0" timestamp="2022-10-11T16:56:27 IST" skipped="0">
  <testcase classname="Abhibus.Abhibus" name="userlogin" time="10.891"/>
  <system-out/>
</testsuite> <!-- Abhibus.Abhibus -->
